[INFO] Console - predicting pockets for proteins from dataset [8WM3_Tiagabine_ACE2.pdb]
[INFO] PredictPocketsRoutine - outdir: /workspace/temp/P2Rank_output
[INFO] Model - Loading model from directory (v3 format): /opt/p2rank_2.5.1/models/default
[INFO] FeatureSetup - enabledFeatures: [chem, volsite, protrusion, bfactor, atom_table]
[INFO] Dataset - processing dataset [8WM3_Tiagabine_ACE2.pdb] using 0 threads
[INFO] Dataset - 
------------------------------------------------------------------------------------------------------------------------
processing [8WM3_Tiagabine_ACE2.pdb] (1/1)
------------------------------------------------------------------------------------------------------------------------

[INFO] Console - processing [8WM3_Tiagabine_ACE2.pdb] (1/1)
[INFO] Protein - loading protein [/workspace/temp/P2Rank_output/8WM3_Tiagabine_ACE2.pdb]
[INFO] PdbUtils - loading file [/workspace/temp/P2Rank_output/8WM3_Tiagabine_ACE2.pdb]
[INFO] Struct - all groups in chain C: 572
[INFO] Struct - all groups in chain D: 749
[INFO] Struct - all groups in chain C: 572
[INFO] Struct - 572 groups in chain C
[INFO] Struct - all groups in chain D: 749
[INFO] Struct - 749 groups in chain D
[INFO] Protein - structure atoms: 10612
[INFO] Protein - protein   atoms: 10399
[INFO] Protein - ignoring ligands
[INFO] FeatureSetup - enabledFeatures: [chem, volsite, protrusion, bfactor, atom_table]
[INFO] Protein - SAS points: 19351
[INFO] Protein - exposed protein atoms: 7455 of 10399
[INFO] SLinkClusterer - clustering [543] elements
[INFO] SLinkClusterer - clusters: [id:0( 1 ), id:82( 2 ), id:94( 1 ), id:100( 1 ), id:102( 1 ), id:112( 15 ), id:115( 7 ), id:126( 5 ), id:140( 10 ), id:152( 2 ), id:157( 4 ), id:172( 16 ), id:196( 5 ), id:198( 35 ), id:210( 1 ), id:212( 1 ), id:214( 2 ), id:217( 3 ), id:219( 1 ), id:225( 2 ), id:226( 6 ), id:227( 3 ), id:228( 1 ), id:229( 1 ), id:230( 24 ), id:249( 7 ), id:252( 14 ), id:253( 2 ), id:254( 2 ), id:255( 6 ), id:261( 3 ), id:262( 1 ), id:263( 7 ), id:264( 17 ), id:267( 1 ), id:274( 1 ), id:276( 1 ), id:278( 5 ), id:284( 27 ), id:296( 25 ), id:303( 29 ), id:307( 1 ), id:315( 7 ), id:319( 1 ), id:334( 17 ), id:338( 2 ), id:341( 18 ), id:344( 2 ), id:345( 1 ), id:348( 2 ), id:352( 1 ), id:363( 1 ), id:366( 2 ), id:367( 1 ), id:368( 1 ), id:369( 1 ), id:371( 1 ), id:375( 1 ), id:377( 1 ), id:382( 1 ), id:394( 1 ), id:395( 2 ), id:398( 1 ), id:400( 1 ), id:413( 1 ), id:415( 1 ), id:419( 11 ), id:422( 5 ), id:425( 1 ), id:426( 4 ), id:427( 1 ), id:448( 30 ), id:454( 3 ), id:455( 1 ), id:459( 3 ), id:460( 1 ), id:478( 4 ), id:483( 20 ), id:485( 15 ), id:487( 3 ), id:490( 4 ), id:500( 3 ), id:501( 3 ), id:504( 19 ), id:508( 1 ), id:509( 2 ), id:515( 5 ), id:517( 11 ), id:519( 2 ), id:522( 1 ), id:525( 1 ), id:529( 1 ), id:532( 6 ), id:538( 5 ), id:540( 9 ), id:541( 1 )]
[INFO] SLinkClusterer - clusters together: 543 / 543
[INFO] PocketPredictor - PREDICTING POCKETS.... ====================================
[INFO] PocketPredictor - SAS POINTS: 19351
[INFO] PocketPredictor - LIGANDABLE POINTS: 543
[INFO] PocketPredictor - CLUSTERS: 96
[INFO] PocketPredictor - FILTERED CLUSTERS: 44
[INFO] PocketPredictor - pocket 1 -  surf_atoms:  28   points:  30   score:   15.9
[INFO] PocketPredictor - pocket 2 -  surf_atoms:  41   points:  35   score:   14.8
[INFO] PocketPredictor - pocket 3 -  surf_atoms:  30   points:  27   score:   10.8
[INFO] PocketPredictor - pocket 4 -  surf_atoms:  38   points:  29   score:   10.4
[INFO] PocketPredictor - pocket 5 -  surf_atoms:  19   points:  19   score:    9.9
[INFO] PocketPredictor - pocket 6 -  surf_atoms:  30   points:  25   score:    9.7
[INFO] PocketPredictor - pocket 7 -  surf_atoms:  35   points:  24   score:    8.0
[INFO] PocketPredictor - pocket 8 -  surf_atoms:  44   points:  17   score:    6.5
[INFO] PocketPredictor - pocket 9 -  surf_atoms:  34   points:  20   score:    6.4
[INFO] PocketPredictor - pocket10 -  surf_atoms:  40   points:  17   score:    6.0
[INFO] PocketPredictor - pocket11 -  surf_atoms:  22   points:  15   score:    5.9
[INFO] PocketPredictor - pocket12 -  surf_atoms:   9   points:  11   score:    5.5
[INFO] PocketPredictor - pocket13 -  surf_atoms:  25   points:  16   score:    5.0
[INFO] PocketPredictor - pocket14 -  surf_atoms:  12   points:  14   score:    4.7
[INFO] PocketPredictor - pocket15 -  surf_atoms:  17   points:  18   score:    4.6
[INFO] PocketPredictor - pocket16 -  surf_atoms:  27   points:  15   score:    4.3
[INFO] PocketPredictor - pocket17 -  surf_atoms:  25   points:  10   score:    4.0
[INFO] PocketPredictor - pocket18 -  surf_atoms:  30   points:  11   score:    3.6
[INFO] PocketPredictor - pocket19 -  surf_atoms:  25   points:   7   score:    3.4
[INFO] PocketPredictor - pocket20 -  surf_atoms:  16   points:   9   score:    3.0
[INFO] PocketPredictor - pocket21 -  surf_atoms:  17   points:   6   score:    2.8
[INFO] PocketPredictor - pocket22 -  surf_atoms:  18   points:   6   score:    2.4
[INFO] PocketPredictor - pocket23 -  surf_atoms:  21   points:   5   score:    2.4
[INFO] PocketPredictor - pocket24 -  surf_atoms:  16   points:   4   score:    2.3
[INFO] PocketPredictor - pocket25 -  surf_atoms:  11   points:   7   score:    2.2
[INFO] PocketPredictor - pocket26 -  surf_atoms:  14   points:   3   score:    2.1
[INFO] PocketPredictor - pocket27 -  surf_atoms:   9   points:   6   score:    2.0
[INFO] PocketPredictor - pocket28 -  surf_atoms:  15   points:   7   score:    2.0
[INFO] PocketPredictor - pocket29 -  surf_atoms:  15   points:   5   score:    1.9
[INFO] PocketPredictor - pocket30 -  surf_atoms:  12   points:   4   score:    1.8
[INFO] PocketPredictor - pocket31 -  surf_atoms:  11   points:   7   score:    1.8
[INFO] PocketPredictor - pocket32 -  surf_atoms:  14   points:   5   score:    1.7
[INFO] PocketPredictor - pocket33 -  surf_atoms:  15   points:   5   score:    1.7
[INFO] PocketPredictor - pocket34 -  surf_atoms:  14   points:   5   score:    1.6
[INFO] PocketPredictor - pocket35 -  surf_atoms:  13   points:   3   score:    1.4
[INFO] PocketPredictor - pocket36 -  surf_atoms:   9   points:   5   score:    1.4
[INFO] PocketPredictor - pocket37 -  surf_atoms:  10   points:   4   score:    1.3
[INFO] PocketPredictor - pocket38 -  surf_atoms:  14   points:   3   score:    1.3
[INFO] PocketPredictor - pocket39 -  surf_atoms:  13   points:   4   score:    1.1
[INFO] PocketPredictor - pocket40 -  surf_atoms:  14   points:   3   score:    1.1
[INFO] PocketPredictor - pocket41 -  surf_atoms:  14   points:   3   score:    1.0
[INFO] PocketPredictor - pocket42 -  surf_atoms:  11   points:   3   score:    0.9
[INFO] PocketPredictor - pocket43 -  surf_atoms:   9   points:   3   score:    0.7
[INFO] PocketPredictor - pocket44 -  surf_atoms:  10   points:   3   score:    0.6
[INFO] PredictionVisualizer - copying [/workspace/temp/P2Rank_output/8WM3_Tiagabine_ACE2.pdb] to [/workspace/temp/P2Rank_output/visualizations/data/8WM3_Tiagabine_ACE2.pdb]
[INFO] Console - predicting pockets finished in 0 hours 0 minutes 5.648 seconds
[INFO] Console - results saved to directory [/workspace/temp/P2Rank_output]
[INFO] Console - 
[INFO] Console - Finished successfully in 0 hours 0 minutes 7.203 seconds.
