Building DAG of jobs...
Using shell: /usr/bin/bash
Provided cores: 1 (use --cores to define parallelism)
Rules claiming more threads will be scaled down.
Job stats:
job                    count
-------------------  -------
convert_ligand             7
prepare_all_ligands        1
total                      8

Select jobs to execute...

[Fri Jan  9 13:49:56 2026]
rule convert_ligand:
    input: data/inputs/library_split/lig_00000.smi
    output: data/interim/ligands/lig_00000.pdbqt
    jobid: 7
    reason: Missing output files: data/interim/ligands/lig_00000.pdbqt
    wildcards: id=lig_00000
    resources: tmpdir=/tmp

[Fri Jan  9 13:50:22 2026]
Finished job 7.
1 of 8 steps (12%) done
Select jobs to execute...

[Fri Jan  9 13:50:22 2026]
rule convert_ligand:
    input: data/inputs/library_split/lig_00001.smi
    output: data/interim/ligands/lig_00001.pdbqt
    jobid: 5
    reason: Missing output files: data/interim/ligands/lig_00001.pdbqt
    wildcards: id=lig_00001
    resources: tmpdir=/tmp

[Fri Jan  9 13:50:23 2026]
Finished job 5.
2 of 8 steps (25%) done
Select jobs to execute...

[Fri Jan  9 13:50:23 2026]
rule convert_ligand:
    input: data/inputs/library_split/lig_00004.smi
    output: data/interim/ligands/lig_00004.pdbqt
    jobid: 3
    reason: Missing output files: data/interim/ligands/lig_00004.pdbqt
    wildcards: id=lig_00004
    resources: tmpdir=/tmp

[Fri Jan  9 13:50:25 2026]
Finished job 3.
3 of 8 steps (38%) done
Select jobs to execute...

[Fri Jan  9 13:50:25 2026]
rule convert_ligand:
    input: data/inputs/library_split/lig_00002.smi
    output: data/interim/ligands/lig_00002.pdbqt
    jobid: 6
    reason: Missing output files: data/interim/ligands/lig_00002.pdbqt
    wildcards: id=lig_00002
    resources: tmpdir=/tmp

[Fri Jan  9 13:50:26 2026]
Finished job 6.
4 of 8 steps (50%) done
Select jobs to execute...

[Fri Jan  9 13:50:26 2026]
rule convert_ligand:
    input: data/inputs/library_split/lig_00006.smi
    output: data/interim/ligands/lig_00006.pdbqt
    jobid: 4
    reason: Missing output files: data/interim/ligands/lig_00006.pdbqt
    wildcards: id=lig_00006
    resources: tmpdir=/tmp

[Fri Jan  9 13:50:27 2026]
Finished job 4.
5 of 8 steps (62%) done
Select jobs to execute...

[Fri Jan  9 13:50:27 2026]
rule convert_ligand:
    input: data/inputs/library_split/lig_00003.smi
    output: data/interim/ligands/lig_00003.pdbqt
    jobid: 2
    reason: Missing output files: data/interim/ligands/lig_00003.pdbqt
    wildcards: id=lig_00003
    resources: tmpdir=/tmp

[Fri Jan  9 13:50:29 2026]
Finished job 2.
6 of 8 steps (75%) done
Select jobs to execute...

[Fri Jan  9 13:50:29 2026]
rule convert_ligand:
    input: data/inputs/library_split/lig_00005.smi
    output: data/interim/ligands/lig_00005.pdbqt
    jobid: 1
    reason: Missing output files: data/interim/ligands/lig_00005.pdbqt
    wildcards: id=lig_00005
    resources: tmpdir=/tmp

[Fri Jan  9 13:50:30 2026]
Finished job 1.
7 of 8 steps (88%) done
Select jobs to execute...

[Fri Jan  9 13:50:30 2026]
localrule prepare_all_ligands:
    input: data/interim/ligands/lig_00005.pdbqt, data/interim/ligands/lig_00003.pdbqt, data/interim/ligands/lig_00004.pdbqt, data/interim/ligands/lig_00006.pdbqt, data/interim/ligands/lig_00001.pdbqt, data/interim/ligands/lig_00002.pdbqt, data/interim/ligands/lig_00000.pdbqt
    jobid: 0
    reason: Input files updated by another job: data/interim/ligands/lig_00003.pdbqt, data/interim/ligands/lig_00005.pdbqt, data/interim/ligands/lig_00001.pdbqt, data/interim/ligands/lig_00000.pdbqt, data/interim/ligands/lig_00006.pdbqt, data/interim/ligands/lig_00004.pdbqt, data/interim/ligands/lig_00002.pdbqt
    resources: tmpdir=/tmp

[Fri Jan  9 13:50:30 2026]
Finished job 0.
8 of 8 steps (100%) done
Complete log: .snakemake/log/2026-01-09T134955.745884.snakemake.log
