Building DAG of jobs...
Using shell: /usr/bin/bash
Provided cores: 1 (use --cores to define parallelism)
Rules claiming more threads will be scaled down.
Job stats:
job                  count
-----------------  -------
prepare_structure        1
total                    1

Select jobs to execute...

[Fri Jan  9 13:49:50 2026]
rule prepare_structure:
    input: data/inputs/target.pdb
    output: data/interim/receptor_ready.pdbqt
    jobid: 0
    reason: Missing output files: data/interim/receptor_ready.pdbqt
    resources: tmpdir=/tmp

[Fri Jan  9 13:49:54 2026]
Finished job 0.
1 of 1 steps (100%) done
Complete log: .snakemake/log/2026-01-09T134948.857228.snakemake.log
